[20:56:37] [WARNING] mysql_connect: no password specified (D:\SAMP - PAWN\MY PROJECTS\Advance RP мод\r41-2\gamemodes\advance.pwn:9266 -> D:\SAMP - PAWN\MY PROJECTS\Advance RP мод\r41-2\gamemodes\advance.pwn:520)
[20:57:34] [WARNING] mysql_connect: no password specified (D:\SAMP - PAWN\MY PROJECTS\Advance RP мод\r41-2\gamemodes\advance.pwn:9266 -> D:\SAMP - PAWN\MY PROJECTS\Advance RP мод\r41-2\gamemodes\advance.pwn:520)
[21:02:03] [WARNING] mysql_connect: no password specified (D:\SAMP - PAWN\MY PROJECTS\Advance RP мод\r41-2\gamemodes\advance.pwn:9266 -> D:\SAMP - PAWN\MY PROJECTS\Advance RP мод\r41-2\gamemodes\advance.pwn:520)
[01:10:38] [WARNING] mysql_connect: no password specified
[01:29:33] [WARNING] mysql_connect: no password specified
[01:40:07] [WARNING] mysql_connect: no password specified
[01:48:45] [WARNING] mysql_connect: no password specified
[02:09:12] [WARNING] mysql_connect: no password specified
[02:13:25] [WARNING] mysql_connect: no password specified
[02:22:44] [WARNING] mysql_connect: no password specified
[02:28:25] [WARNING] mysql_connect: no password specified
[02:32:38] [WARNING] mysql_connect: no password specified
[02:35:00] [WARNING] mysql_connect: no password specified
[02:37:11] [WARNING] mysql_connect: no password specified
[20:38:46] [WARNING] mysql_connect: no password specified
[20:41:51] [WARNING] mysql_connect: no password specified
[21:20:32] [WARNING] mysql_connect: no password specified
[21:31:02] [WARNING] mysql_connect: no password specified
[21:36:26] [WARNING] mysql_connect: no password specified
[21:52:58] [WARNING] mysql_connect: no password specified
[23:56:32] [WARNING] mysql_connect: no password specified
[00:03:00] [WARNING] mysql_connect: no password specified (C:\Users\Максим\Desktop\Advance_RP_мод\gamemodes\advance.pwn:10581 -> C:\Users\Максим\Desktop\Advance_RP_мод\gamemodes\advance.pwn:543)
[00:04:47] [WARNING] mysql_connect: no password specified (C:\Users\Максим\Desktop\Advance_RP_мод\gamemodes\advance.pwn:10581 -> C:\Users\Максим\Desktop\Advance_RP_мод\gamemodes\advance.pwn:543)
[02:08:41] [WARNING] mysql_connect: no password specified (C:\Users\Максим\Desktop\Advance_RP_мод\gamemodes\advance.pwn:10590 -> C:\Users\Максим\Desktop\Advance_RP_мод\gamemodes\advance.pwn:544)
[13:55:27] [WARNING] mysql_connect: no password specified (C:\Users\Максим\Desktop\Advance_RP_мод\gamemodes\advance.pwn:10620 -> C:\Users\Максим\Desktop\Advance_RP_мод\gamemodes\advance.pwn:545)
[13:55:29] [ERROR] CConnection::CConnection - establishing connection to MySQL database failed: #2003 'Can't connect to MySQL server on 'localhost' (0)'
[13:55:31] [ERROR] CConnection::CConnection - establishing connection to MySQL database failed: #2003 'Can't connect to MySQL server on 'localhost' (0)'
[13:55:33] [ERROR] CConnection::CConnection - establishing connection to MySQL database failed: #2003 'Can't connect to MySQL server on 'localhost' (0)'
[13:55:35] [ERROR] CConnection::CConnection - establishing connection to MySQL database failed: #2003 'Can't connect to MySQL server on 'localhost' (0)'
[13:57:20] [WARNING] mysql_connect: no password specified (C:\Users\Максим\Desktop\Advance_RP_мод\gamemodes\advance.pwn:10620 -> C:\Users\Максим\Desktop\Advance_RP_мод\gamemodes\advance.pwn:545)
[14:06:56] [WARNING] mysql_connect: no password specified (C:\Users\Максим\Desktop\Advance_RP_мод\gamemodes\advance.pwn:10628 -> C:\Users\Максим\Desktop\Advance_RP_мод\gamemodes\advance.pwn:546)
[14:24:42] [WARNING] mysql_connect: no password specified (C:\Users\Максим\Desktop\Advance_RP_мод\gamemodes\advance.pwn:10637 -> C:\Users\Максим\Desktop\Advance_RP_мод\gamemodes\advance.pwn:546)
[14:51:02] [WARNING] mysql_connect: no password specified (C:\Users\Максим\Desktop\Advance_RP_мод\gamemodes\advance.pwn:10675 -> C:\Users\Максим\Desktop\Advance_RP_мод\gamemodes\advance.pwn:548)
[14:53:18] [WARNING] mysql_connect: no password specified (C:\Users\Максим\Desktop\Advance_RP_мод\gamemodes\advance.pwn:10676 -> C:\Users\Максим\Desktop\Advance_RP_мод\gamemodes\advance.pwn:548)
[15:05:19] [WARNING] mysql_connect: no password specified (C:\Users\Максим\Desktop\Advance_RP_мод\gamemodes\advance.pwn:10683 -> C:\Users\Максим\Desktop\Advance_RP_мод\gamemodes\advance.pwn:548)
[15:20:18] [WARNING] mysql_connect: no password specified (C:\Users\Максим\Desktop\Advance_RP_мод\gamemodes\advance.pwn:10709 -> C:\Users\Максим\Desktop\Advance_RP_мод\gamemodes\advance.pwn:549)
[15:30:35] [WARNING] mysql_connect: no password specified (C:\Users\Максим\Desktop\Advance_RP_мод\gamemodes\advance.pwn:10728 -> C:\Users\Максим\Desktop\Advance_RP_мод\gamemodes\advance.pwn:549)
[15:53:06] [WARNING] mysql_connect: no password specified (C:\Users\Максим\Desktop\Advance_RP_мод\gamemodes\advance.pwn:10798 -> C:\Users\Максим\Desktop\Advance_RP_мод\gamemodes\advance.pwn:549)
[15:56:31] [WARNING] mysql_connect: no password specified (C:\Users\Максим\Desktop\Advance_RP_мод\gamemodes\advance.pwn:10798 -> C:\Users\Максим\Desktop\Advance_RP_мод\gamemodes\advance.pwn:549)
[16:13:40] [WARNING] mysql_connect: no password specified (C:\Users\Максим\Desktop\Advance_RP_мод\gamemodes\advance.pwn:10812 -> C:\Users\Максим\Desktop\Advance_RP_мод\gamemodes\advance.pwn:552)
[16:45:03] [WARNING] mysql_connect: no password specified (C:\Users\Максим\Desktop\Advance_RP_мод\gamemodes\advance.pwn:10855 -> C:\Users\Максим\Desktop\Advance_RP_мод\gamemodes\advance.pwn:552)
[17:07:38] [WARNING] mysql_connect: no password specified (C:\Users\Максим\Desktop\Advance_RP_мод\gamemodes\advance.pwn:10858 -> C:\Users\Максим\Desktop\Advance_RP_мод\gamemodes\advance.pwn:552)
[17:07:48] [WARNING] mysql_connect: no password specified (C:\Users\Максим\Desktop\Advance_RP_мод\gamemodes\advance.pwn:10858 -> C:\Users\Максим\Desktop\Advance_RP_мод\gamemodes\advance.pwn:552)
[18:49:00] [WARNING] mysql_connect: no password specified (C:\Users\Максим\Desktop\Advance_RP_мод\gamemodes\advance.pwn:10865 -> C:\Users\Максим\Desktop\Advance_RP_мод\gamemodes\advance.pwn:552)
[18:56:31] [WARNING] mysql_connect: no password specified (C:\Users\Максим\Desktop\Advance_RP_мод\gamemodes\advance.pwn:10894 -> C:\Users\Максим\Desktop\Advance_RP_мод\gamemodes\advance.pwn:553)
[19:09:48] [WARNING] mysql_connect: no password specified (C:\Users\Максим\Desktop\Advance_RP_мод\gamemodes\advance.pwn:10884 -> C:\Users\Максим\Desktop\Advance_RP_мод\gamemodes\advance.pwn:553)
[19:23:55] [WARNING] mysql_connect: no password specified (C:\Users\Максим\Desktop\Advance_RP_мод\gamemodes\advance.pwn:10888 -> C:\Users\Максим\Desktop\Advance_RP_мод\gamemodes\advance.pwn:554)
[19:59:39] [WARNING] mysql_connect: no password specified (C:\Users\Максим\Desktop\Advance_RP_мод\gamemodes\advance.pwn:10919 -> C:\Users\Максим\Desktop\Advance_RP_мод\gamemodes\advance.pwn:555)
[19:59:56] [ERROR] cache_get_value_name_int: field 'salary' not found (C:\Users\Максим\Desktop\Advance_RP_мод\gamemodes\advance.pwn:10336)
[20:00:25] [ERROR] cache_get_value_name_int: field 'salary' not found (C:\Users\Максим\Desktop\Advance_RP_мод\gamemodes\advance.pwn:10336)
[20:05:16] [WARNING] mysql_connect: no password specified (C:\Users\Максим\Desktop\Advance_RP_мод\gamemodes\advance.pwn:10921 -> C:\Users\Максим\Desktop\Advance_RP_мод\gamemodes\advance.pwn:555)
[20:17:14] [WARNING] mysql_connect: no password specified (C:\Users\Максим\Desktop\Advance_RP_мод\gamemodes\advance.pwn:10923 -> C:\Users\Максим\Desktop\Advance_RP_мод\gamemodes\advance.pwn:555)
[20:55:26] [WARNING] mysql_connect: no password specified (C:\Users\Максим\Desktop\Advance_RP_мод\gamemodes\advance.pwn:10998 -> C:\Users\Максим\Desktop\Advance_RP_мод\gamemodes\advance.pwn:556)
[21:07:18] [WARNING] mysql_connect: no password specified (C:\Users\Максим\Desktop\Advance_RP_мод\gamemodes\advance.pwn:11020 -> C:\Users\Максим\Desktop\Advance_RP_мод\gamemodes\advance.pwn:556)
[21:16:48] [WARNING] mysql_connect: no password specified (C:\Users\Максим\Desktop\Advance_RP_мод\gamemodes\advance.pwn:11029 -> C:\Users\Максим\Desktop\Advance_RP_мод\gamemodes\advance.pwn:556)
[21:22:22] [WARNING] mysql_connect: no password specified (C:\Users\Максим\Desktop\Advance_RP_мод\gamemodes\advance.pwn:11030 -> C:\Users\Максим\Desktop\Advance_RP_мод\gamemodes\advance.pwn:556)
[21:25:26] [WARNING] mysql_connect: no password specified (C:\Users\Максим\Desktop\Advance_RP_мод\gamemodes\advance.pwn:11030 -> C:\Users\Максим\Desktop\Advance_RP_мод\gamemodes\advance.pwn:556)
<<<<<<< HEAD
[15:14:07] [WARNING] mysql_connect: no password specified (C:\Users\Максим\Desktop\Advance_RP_мод\gamemodes\advance.pwn:11038 -> C:\Users\Максим\Desktop\Advance_RP_мод\gamemodes\advance.pwn:559)
[15:14:09] [ERROR] CConnection::CConnection - establishing connection to MySQL database failed: #2003 'Can't connect to MySQL server on 'localhost' (0)'
[15:14:11] [ERROR] CConnection::CConnection - establishing connection to MySQL database failed: #2003 'Can't connect to MySQL server on 'localhost' (0)'
[15:14:13] [ERROR] CConnection::CConnection - establishing connection to MySQL database failed: #2003 'Can't connect to MySQL server on 'localhost' (0)'
[15:14:15] [ERROR] CConnection::CConnection - establishing connection to MySQL database failed: #2003 'Can't connect to MySQL server on 'localhost' (0)'
[15:16:02] [WARNING] mysql_connect: no password specified (C:\Users\Максим\Desktop\Advance_RP_мод\gamemodes\advance.pwn:11038 -> C:\Users\Максим\Desktop\Advance_RP_мод\gamemodes\advance.pwn:559)
[15:16:04] [ERROR] CConnection::CConnection - establishing connection to MySQL database failed: #2003 'Can't connect to MySQL server on 'localhost' (0)'
[15:16:06] [ERROR] CConnection::CConnection - establishing connection to MySQL database failed: #2003 'Can't connect to MySQL server on 'localhost' (0)'
[15:16:08] [ERROR] CConnection::CConnection - establishing connection to MySQL database failed: #2003 'Can't connect to MySQL server on 'localhost' (0)'
[15:16:10] [ERROR] CConnection::CConnection - establishing connection to MySQL database failed: #2003 'Can't connect to MySQL server on 'localhost' (0)'
[15:27:08] [WARNING] mysql_connect: no password specified (C:\Users\Максим\Desktop\Advance_RP_мод\gamemodes\advance.pwn:11038 -> C:\Users\Максим\Desktop\Advance_RP_мод\gamemodes\advance.pwn:559)
[16:12:10] [WARNING] mysql_connect: no password specified (C:\Users\Максим\Desktop\Advance_RP_мод\gamemodes\advance.pwn:11037 -> C:\Users\Максим\Desktop\Advance_RP_мод\gamemodes\advance.pwn:566)
[16:17:23] [WARNING] mysql_connect: no password specified (C:\Users\Максим\Desktop\Advance_RP_мод\gamemodes\advance.pwn:11037 -> C:\Users\Максим\Desktop\Advance_RP_мод\gamemodes\advance.pwn:566)
=======
>>>>>>> parent of 1b64f60... Р Р°Р·РґРµР»РµРЅРёРµ РґРёР°Р»РѕРіРѕРІ
[18:57:09] [WARNING] mysql_connect: no password specified (C:\Users\Максим\Desktop\Advance_RP_мод\gamemodes\advance.pwn:11169 -> C:\Users\Максим\Desktop\Advance_RP_мод\gamemodes\advance.pwn:571)
[19:08:28] [WARNING] mysql_connect: no password specified (C:\Users\Максим\Desktop\Advance_RP_мод\gamemodes\advance.pwn:11191 -> C:\Users\Максим\Desktop\Advance_RP_мод\gamemodes\advance.pwn:593)
[19:44:40] [WARNING] mysql_connect: no password specified (C:\Users\Максим\Desktop\Advance_RP_мод\gamemodes\advance.pwn:11223 -> C:\Users\Максим\Desktop\Advance_RP_мод\gamemodes\advance.pwn:593)
[19:48:42] [WARNING] mysql_connect: no password specified (C:\Users\Максим\Desktop\Advance_RP_мод\gamemodes\advance.pwn:11223 -> C:\Users\Максим\Desktop\Advance_RP_мод\gamemodes\advance.pwn:593)
[20:27:53] [WARNING] mysql_connect: no password specified (C:\Users\Максим\Desktop\Advance_RP_мод\gamemodes\advance.pwn:11298 -> C:\Users\Максим\Desktop\Advance_RP_мод\gamemodes\advance.pwn:647)
[20:52:57] [WARNING] mysql_connect: no password specified (C:\Users\Максим\Desktop\Advance_RP_мод\gamemodes\advance.pwn:11321 -> C:\Users\Максим\Desktop\Advance_RP_мод\gamemodes\advance.pwn:646)
[21:16:30] [WARNING] mysql_connect: no password specified (C:\Users\Максим\Desktop\Advance_RP_мод\gamemodes\advance.pwn:11340 -> C:\Users\Максим\Desktop\Advance_RP_мод\gamemodes\advance.pwn:646)
[21:37:56] [WARNING] mysql_connect: no password specified (C:\Users\Максим\Desktop\Advance_RP_мод\gamemodes\advance.pwn:11365 -> C:\Users\Максим\Desktop\Advance_RP_мод\gamemodes\advance.pwn:646)
[21:39:46] [WARNING] mysql_connect: no password specified (C:\Users\Максим\Desktop\Advance_RP_мод\gamemodes\advance.pwn:11365 -> C:\Users\Максим\Desktop\Advance_RP_мод\gamemodes\advance.pwn:646)
[21:50:07] [WARNING] mysql_connect: no password specified (C:\Users\Максим\Desktop\Advance_RP_мод\gamemodes\advance.pwn:11395 -> C:\Users\Максим\Desktop\Advance_RP_мод\gamemodes\advance.pwn:646)
[21:53:00] [WARNING] mysql_connect: no password specified (C:\Users\Максим\Desktop\Advance_RP_мод\gamemodes\advance.pwn:11395 -> C:\Users\Максим\Desktop\Advance_RP_мод\gamemodes\advance.pwn:646)
[22:54:56] [WARNING] mysql_connect: no password specified (C:\Users\Максим\Desktop\Advance_RP_мод\gamemodes\advance.pwn:11518 -> C:\Users\Максим\Desktop\Advance_RP_мод\gamemodes\advance.pwn:721)
[22:58:41] [WARNING] mysql_connect: no password specified (C:\Users\Максим\Desktop\Advance_RP_мод\gamemodes\advance.pwn:11520 -> C:\Users\Максим\Desktop\Advance_RP_мод\gamemodes\advance.pwn:721)
[23:20:58] [WARNING] mysql_connect: no password specified (C:\Users\Максим\Desktop\Advance_RP_мод\gamemodes\advance.pwn:11520 -> C:\Users\Максим\Desktop\Advance_RP_мод\gamemodes\advance.pwn:721)
[23:27:43] [WARNING] mysql_connect: no password specified (C:\Users\Максим\Desktop\Advance_RP_мод\gamemodes\advance.pwn:11578 -> C:\Users\Максим\Desktop\Advance_RP_мод\gamemodes\advance.pwn:729)
[23:51:32] [WARNING] mysql_connect: no password specified (C:\Users\Максим\Desktop\Advance_RP_мод\gamemodes\advance.pwn:11607 -> C:\Users\Максим\Desktop\Advance_RP_мод\gamemodes\advance.pwn:733)
[00:00:12] [WARNING] mysql_connect: no password specified (C:\Users\Максим\Desktop\Advance_RP_мод\gamemodes\advance.pwn:11610 -> C:\Users\Максим\Desktop\Advance_RP_мод\gamemodes\advance.pwn:733)
[00:02:52] [WARNING] mysql_connect: no password specified (C:\Users\Максим\Desktop\Advance_RP_мод\gamemodes\advance.pwn:11610 -> C:\Users\Максим\Desktop\Advance_RP_мод\gamemodes\advance.pwn:733)
[00:05:00] [WARNING] mysql_connect: no password specified (C:\Users\Максим\Desktop\Advance_RP_мод\gamemodes\advance.pwn:11611 -> C:\Users\Максим\Desktop\Advance_RP_мод\gamemodes\advance.pwn:734)
[00:08:01] [WARNING] mysql_connect: no password specified (C:\Users\Максим\Desktop\Advance_RP_мод\gamemodes\advance.pwn:11611 -> C:\Users\Максим\Desktop\Advance_RP_мод\gamemodes\advance.pwn:734)
[00:33:51] [WARNING] mysql_connect: no password specified (C:\Users\Максим\Desktop\Advance_RP_мод\gamemodes\advance.pwn:11639 -> C:\Users\Максим\Desktop\Advance_RP_мод\gamemodes\advance.pwn:734)
[00:38:23] [WARNING] mysql_connect: no password specified (C:\Users\Максим\Desktop\Advance_RP_мод\gamemodes\advance.pwn:11640 -> C:\Users\Максим\Desktop\Advance_RP_мод\gamemodes\advance.pwn:734)
[00:45:23] [WARNING] mysql_connect: no password specified (C:\Users\Максим\Desktop\Advance_RP_мод\gamemodes\advance.pwn:11644 -> C:\Users\Максим\Desktop\Advance_RP_мод\gamemodes\advance.pwn:734)
[00:47:36] [WARNING] mysql_connect: no password specified (C:\Users\Максим\Desktop\Advance_RP_мод\gamemodes\advance.pwn:11644 -> C:\Users\Максим\Desktop\Advance_RP_мод\gamemodes\advance.pwn:734)
[00:49:35] [WARNING] mysql_connect: no password specified (C:\Users\Максим\Desktop\Advance_RP_мод\gamemodes\advance.pwn:11643 -> C:\Users\Максим\Desktop\Advance_RP_мод\gamemodes\advance.pwn:734)
[00:50:58] [WARNING] mysql_connect: no password specified (C:\Users\Максим\Desktop\Advance_RP_мод\gamemodes\advance.pwn:11643 -> C:\Users\Максим\Desktop\Advance_RP_мод\gamemodes\advance.pwn:734)
[01:25:53] [WARNING] mysql_connect: no password specified (C:\Users\Максим\Desktop\Advance_RP_мод\gamemodes\advance.pwn:11667 -> C:\Users\Максим\Desktop\Advance_RP_мод\gamemodes\advance.pwn:735)
[01:34:03] [WARNING] mysql_connect: no password specified (C:\Users\Максим\Desktop\Advance_RP_мод\gamemodes\advance.pwn:11677 -> C:\Users\Максим\Desktop\Advance_RP_мод\gamemodes\advance.pwn:736)
[01:42:41] [WARNING] mysql_connect: no password specified (C:\Users\Максим\Desktop\Advance_RP_мод\gamemodes\advance.pwn:11691 -> C:\Users\Максим\Desktop\Advance_RP_мод\gamemodes\advance.pwn:738)
[01:44:18] [WARNING] mysql_connect: no password specified (C:\Users\Максим\Desktop\Advance_RP_мод\gamemodes\advance.pwn:11691 -> C:\Users\Максим\Desktop\Advance_RP_мод\gamemodes\advance.pwn:738)
[01:45:20] [WARNING] mysql_connect: no password specified (C:\Users\Максим\Desktop\Advance_RP_мод\gamemodes\advance.pwn:11691 -> C:\Users\Максим\Desktop\Advance_RP_мод\gamemodes\advance.pwn:738)
[01:47:51] [WARNING] mysql_connect: no password specified (C:\Users\Максим\Desktop\Advance_RP_мод\gamemodes\advance.pwn:11691 -> C:\Users\Максим\Desktop\Advance_RP_мод\gamemodes\advance.pwn:738)
[01:56:56] [WARNING] mysql_connect: no password specified (C:\Users\Максим\Desktop\Advance_RP_мод\gamemodes\advance.pwn:11691 -> C:\Users\Максим\Desktop\Advance_RP_мод\gamemodes\advance.pwn:738)
[02:06:36] [WARNING] mysql_connect: no password specified (C:\Users\Максим\Desktop\Advance_RP_мод\gamemodes\advance.pwn:11691 -> C:\Users\Максим\Desktop\Advance_RP_мод\gamemodes\advance.pwn:738)
[02:08:51] [WARNING] mysql_connect: no password specified (C:\Users\Максим\Desktop\Advance_RP_мод\gamemodes\advance.pwn:11702 -> C:\Users\Максим\Desktop\Advance_RP_мод\gamemodes\advance.pwn:738)
[02:33:48] [WARNING] mysql_connect: no password specified (C:\Users\Максим\Desktop\Advance_RP_мод\gamemodes\advance.pwn:11789 -> C:\Users\Максим\Desktop\Advance_RP_мод\gamemodes\advance.pwn:742)
